  • electron-builder  version=24.13.3 os=10.0.26200
  • loaded configuration  file=package.json ("build" field)
  • @electron/rebuild not required if you use electron-builder, please consider to remove excess dependency from devDependencies

To ensure your native dependencies are always matched electron version, simply add script `"postinstall": "electron-builder install-app-deps" to your `package.json`
  • rebuilding native dependencies  dependencies=better-sqlite3@9.6.0 platform=win32 arch=x64
  • install prebuilt binary  name=better-sqlite3 version=9.6.0 platform=win32 arch=x64 napi=
  • packaging       platform=win32 arch=x64 electron=29.4.6 appOutDir=release\win-unpacked
  • file source doesn't exist  from=C:\Users\amjad\OneDrive\Desktop\Cloud n Cream POS\resources
  • default Electron icon is used  reason=application icon is not set
  • downloading     url=https://github.com/electron-userland/electron-builder-binaries/releases/download/winCodeSign-2.6.0/winCodeSign-2.6.0.7z size=5.6 MB parts=1
  • downloaded      url=https://github.com/electron-userland/electron-builder-binaries/releases/download/winCodeSign-2.6.0/winCodeSign-2.6.0.7z duration=1.204s
  ⨯ cannot execute  cause=exit status 2
                    out=
    7-Zip (a) 21.07 (x64) : Copyright (c) 1999-2021 Igor Pavlov : 2021-12-26
    
    Scanning the drive for archives:
    1 file, 5635384 bytes (5504 KiB)
    
    Extracting archive: C:\Users\amjad\AppData\Local\electron-builder\Cache\winCodeSign\950422739.7z
    --
    Path = C:\Users\amjad\AppData\Local\electron-builder\Cache\winCodeSign\950422739.7z
    Type = 7z
    Physical Size = 5635384
    Headers Size = 1492
    Method = LZMA2:24m LZMA:20 BCJ2
    Solid = +
    Blocks = 2
    
    
    Sub items Errors: 2
    
    Archives with Errors: 1
    
    Sub items Errors: 2
    
                    errorOut=ERROR: Cannot create symbolic link : A required privilege is not held by the client. : C:\Users\amjad\AppData\Local\electron-builder\Cache\winCodeSign\950422739\darwin\10.12\lib\libcrypto.dylib
    ERROR: Cannot create symbolic link : A required privilege is not held by the client. : C:\Users\amjad\AppData\Local\electron-builder\Cache\winCodeSign\950422739\darwin\10.12\lib\libssl.dylib
    
                    command='C:\Users\amjad\OneDrive\Desktop\Cloud n Cream POS\node_modules\7zip-bin\win\x64\7za.exe' x -bd 'C:\Users\amjad\AppData\Local\electron-builder\Cache\winCodeSign\950422739.7z' '-oC:\Users\amjad\AppData\Local\electron-builder\Cache\winCodeSign\950422739'
                    workingDir=C:\Users\amjad\AppData\Local\electron-builder\Cache\winCodeSign
  • Above command failed, retrying 3 more times
  • downloading     url=https://github.com/electron-userland/electron-builder-binaries/releases/download/winCodeSign-2.6.0/winCodeSign-2.6.0.7z size=5.6 MB parts=1
  • downloaded      url=https://github.com/electron-userland/electron-builder-binaries/releases/download/winCodeSign-2.6.0/winCodeSign-2.6.0.7z duration=1.513s
  ⨯ cannot execute  cause=exit status 2
                    out=
    7-Zip (a) 21.07 (x64) : Copyright (c) 1999-2021 Igor Pavlov : 2021-12-26
    
    Scanning the drive for archives:
    1 file, 5635384 bytes (5504 KiB)
    
    Extracting archive: C:\Users\amjad\AppData\Local\electron-builder\Cache\winCodeSign\268058659.7z
    --
    Path = C:\Users\amjad\AppData\Local\electron-builder\Cache\winCodeSign\268058659.7z
    Type = 7z
    Physical Size = 5635384
    Headers Size = 1492
    Method = LZMA2:24m LZMA:20 BCJ2
    Solid = +
    Blocks = 2
    
    
    Sub items Errors: 2
    
    Archives with Errors: 1
    
    Sub items Errors: 2
    
                    errorOut=ERROR: Cannot create symbolic link : A required privilege is not held by the client. : C:\Users\amjad\AppData\Local\electron-builder\Cache\winCodeSign\268058659\darwin\10.12\lib\libcrypto.dylib
    ERROR: Cannot create symbolic link : A required privilege is not held by the client. : C:\Users\amjad\AppData\Local\electron-builder\Cache\winCodeSign\268058659\darwin\10.12\lib\libssl.dylib
    
                    command='C:\Users\amjad\OneDrive\Desktop\Cloud n Cream POS\node_modules\7zip-bin\win\x64\7za.exe' x -bd 'C:\Users\amjad\AppData\Local\electron-builder\Cache\winCodeSign\268058659.7z' '-oC:\Users\amjad\AppData\Local\electron-builder\Cache\winCodeSign\268058659'
                    workingDir=C:\Users\amjad\AppData\Local\electron-builder\Cache\winCodeSign
  • Above command failed, retrying 2 more times
  • downloading     url=https://github.com/electron-userland/electron-builder-binaries/releases/download/winCodeSign-2.6.0/winCodeSign-2.6.0.7z size=5.6 MB parts=1
  • downloaded      url=https://github.com/electron-userland/electron-builder-binaries/releases/download/winCodeSign-2.6.0/winCodeSign-2.6.0.7z duration=1.271s
  ⨯ cannot execute  cause=exit status 2
                    out=
    7-Zip (a) 21.07 (x64) : Copyright (c) 1999-2021 Igor Pavlov : 2021-12-26
    
    Scanning the drive for archives:
    1 file, 5635384 bytes (5504 KiB)
    
    Extracting archive: C:\Users\amjad\AppData\Local\electron-builder\Cache\winCodeSign\658921207.7z
    --
    Path = C:\Users\amjad\AppData\Local\electron-builder\Cache\winCodeSign\658921207.7z
    Type = 7z
    Physical Size = 5635384
    Headers Size = 1492
    Method = LZMA2:24m LZMA:20 BCJ2
    Solid = +
    Blocks = 2
    
    
    Sub items Errors: 2
    
    Archives with Errors: 1
    
    Sub items Errors: 2
    
                    errorOut=ERROR: Cannot create symbolic link : A required privilege is not held by the client. : C:\Users\amjad\AppData\Local\electron-builder\Cache\winCodeSign\658921207\darwin\10.12\lib\libcrypto.dylib
    ERROR: Cannot create symbolic link : A required privilege is not held by the client. : C:\Users\amjad\AppData\Local\electron-builder\Cache\winCodeSign\658921207\darwin\10.12\lib\libssl.dylib
    
                    command='C:\Users\amjad\OneDrive\Desktop\Cloud n Cream POS\node_modules\7zip-bin\win\x64\7za.exe' x -bd 'C:\Users\amjad\AppData\Local\electron-builder\Cache\winCodeSign\658921207.7z' '-oC:\Users\amjad\AppData\Local\electron-builder\Cache\winCodeSign\658921207'
                    workingDir=C:\Users\amjad\AppData\Local\electron-builder\Cache\winCodeSign
  • Above command failed, retrying 1 more times
  • downloading     url=https://github.com/electron-userland/electron-builder-binaries/releases/download/winCodeSign-2.6.0/winCodeSign-2.6.0.7z size=5.6 MB parts=1
  • downloaded      url=https://github.com/electron-userland/electron-builder-binaries/releases/download/winCodeSign-2.6.0/winCodeSign-2.6.0.7z duration=1.597s
  ⨯ cannot execute  cause=exit status 2
                    out=
    7-Zip (a) 21.07 (x64) : Copyright (c) 1999-2021 Igor Pavlov : 2021-12-26
    
    Scanning the drive for archives:
    1 file, 5635384 bytes (5504 KiB)
    
    Extracting archive: C:\Users\amjad\AppData\Local\electron-builder\Cache\winCodeSign\915568943.7z
    --
    Path = C:\Users\amjad\AppData\Local\electron-builder\Cache\winCodeSign\915568943.7z
    Type = 7z
    Physical Size = 5635384
    Headers Size = 1492
    Method = LZMA2:24m LZMA:20 BCJ2
    Solid = +
    Blocks = 2
    
    
    Sub items Errors: 2
    
    Archives with Errors: 1
    
    Sub items Errors: 2
    
                    errorOut=ERROR: Cannot create symbolic link : A required privilege is not held by the client. : C:\Users\amjad\AppData\Local\electron-builder\Cache\winCodeSign\915568943\darwin\10.12\lib\libcrypto.dylib
    ERROR: Cannot create symbolic link : A required privilege is not held by the client. : C:\Users\amjad\AppData\Local\electron-builder\Cache\winCodeSign\915568943\darwin\10.12\lib\libssl.dylib
    
                    command='C:\Users\amjad\OneDrive\Desktop\Cloud n Cream POS\node_modules\7zip-bin\win\x64\7za.exe' x -bd 'C:\Users\amjad\AppData\Local\electron-builder\Cache\winCodeSign\915568943.7z' '-oC:\Users\amjad\AppData\Local\electron-builder\Cache\winCodeSign\915568943'
                    workingDir=C:\Users\amjad\AppData\Local\electron-builder\Cache\winCodeSign
  • Above command failed, retrying 0 more times
